0 info it worked if it ends with ok
1 verbose cli [ 'node', '/usr/local/bin/npm', 'install', 'http-server' ]
2 info using npm@2.5.1
3 info using node@v0.12.0
4 verbose node symlink /usr/local/bin/node
5 silly cache add args [ 'http-server', null ]
6 verbose cache add spec http-server
7 silly cache add parsed spec { raw: 'http-server',
7 silly cache add   scope: null,
7 silly cache add   name: 'http-server',
7 silly cache add   rawSpec: '',
7 silly cache add   spec: '*',
7 silly cache add   type: 'range' }
8 verbose addNamed http-server@*
9 silly addNamed semver.valid null
10 silly addNamed semver.validRange *
11 silly addNameRange { name: 'http-server', range: '*', hasData: false }
12 silly mapToRegistry name http-server
13 silly mapToRegistry using default registry
14 silly mapToRegistry registry https://registry.npmjs.org/
15 silly mapToRegistry uri https://registry.npmjs.org/http-server
16 verbose addNameRange registry:https://registry.npmjs.org/http-server not in flight; fetching
17 verbose request uri https://registry.npmjs.org/http-server
18 verbose request no auth needed
19 info attempt registry request try #1 at 14:37:31
20 verbose request id 3d1bd79d233c1210
21 http request GET https://registry.npmjs.org/http-server
22 http 200 https://registry.npmjs.org/http-server
23 silly get cb [ 200,
23 silly get   { server: 'CouchDB/1.5.0 (Erlang OTP/R16B03)',
23 silly get     etag: '"DH1LSGE7XKQR6Z7FPDGAGSRX5"',
23 silly get     'content-type': 'application/json',
23 silly get     'content-encoding': 'gzip',
23 silly get     'cache-control': 'max-age=300',
23 silly get     'content-length': '8808',
23 silly get     'accept-ranges': 'bytes',
23 silly get     date: 'Thu, 11 Aug 2016 06:37:32 GMT',
23 silly get     via: '1.1 varnish',
23 silly get     age: '0',
23 silly get     connection: 'keep-alive',
23 silly get     'x-served-by': 'cache-itm7425-ITM',
23 silly get     'x-cache': 'HIT',
23 silly get     'x-cache-hits': '1',
23 silly get     'x-timer': 'S1470897452.056990,VS0,VE197',
23 silly get     vary: 'Accept-Encoding' } ]
24 verbose get saving http-server to /Users/mubing/.npm/registry.npmjs.org/http-server/.cache.json
25 silly addNameRange number 2 { name: 'http-server', range: '*', hasData: true }
26 silly addNameRange versions [ 'http-server',
26 silly addNameRange   [ '0.1.0',
26 silly addNameRange     '0.1.1',
26 silly addNameRange     '0.1.3',
26 silly addNameRange     '0.2.1',
26 silly addNameRange     '0.2.2',
26 silly addNameRange     '0.2.3',
26 silly addNameRange     '0.2.4',
26 silly addNameRange     '0.2.5',
26 silly addNameRange     '0.2.6',
26 silly addNameRange     '0.2.9',
26 silly addNameRange     '0.3.0',
26 silly addNameRange     '0.4.0',
26 silly addNameRange     '0.4.1',
26 silly addNameRange     '0.5.0',
26 silly addNameRange     '0.5.1',
26 silly addNameRange     '0.5.2',
26 silly addNameRange     '0.5.3',
26 silly addNameRange     '0.5.5',
26 silly addNameRange     '0.6.0',
26 silly addNameRange     '0.6.1',
26 silly addNameRange     '0.7.0',
26 silly addNameRange     '0.7.1',
26 silly addNameRange     '0.7.2',
26 silly addNameRange     '0.7.3',
26 silly addNameRange     '0.7.4',
26 silly addNameRange     '0.7.5',
26 silly addNameRange     '0.8.0',
26 silly addNameRange     '0.8.1',
26 silly addNameRange     '0.8.2',
26 silly addNameRange     '0.8.3',
26 silly addNameRange     '0.8.4',
26 silly addNameRange     '0.8.5',
26 silly addNameRange     '0.9.0' ] ]
27 verbose addNamed http-server@0.9.0
28 silly addNamed semver.valid 0.9.0
29 silly addNamed semver.validRange 0.9.0
30 silly mapToRegistry name http-server
31 silly mapToRegistry using default registry
32 silly mapToRegistry registry https://registry.npmjs.org/
33 silly mapToRegistry uri https://registry.npmjs.org/http-server
34 verbose addRemoteTarball https://registry.npmjs.org/http-server/-/http-server-0.9.0.tgz not in flight; adding
35 verbose addRemoteTarball [ 'https://registry.npmjs.org/http-server/-/http-server-0.9.0.tgz',
35 verbose addRemoteTarball   '8f1b06bdc733618d4dc42831c7ba1aff4e06001a' ]
36 info retry fetch attempt 1 at 14:37:32
37 info attempt registry request try #1 at 14:37:32
38 http fetch GET https://registry.npmjs.org/http-server/-/http-server-0.9.0.tgz
39 http fetch 200 https://registry.npmjs.org/http-server/-/http-server-0.9.0.tgz
40 silly fetchAndShaCheck shasum 8f1b06bdc733618d4dc42831c7ba1aff4e06001a
41 verbose addTmpTarball /var/folders/1m/9zyqwfb56751bwkt4xrpmyww0000gn/T/npm-5801-1f713690/registry.npmjs.org/http-server/-/http-server-0.9.0.tgz not in flight; adding
42 verbose addTmpTarball already have metadata; skipping unpack for http-server@0.9.0
43 silly cache afterAdd http-server@0.9.0
44 verbose afterAdd /Users/mubing/.npm/http-server/0.9.0/package/package.json not in flight; writing
45 verbose afterAdd /Users/mubing/.npm/http-server/0.9.0/package/package.json written
46 silly install resolved [ { name: 'http-server',
46 silly install resolved     version: '0.9.0',
46 silly install resolved     description: 'A simple zero-configuration command-line http server',
46 silly install resolved     main: './lib/http-server',
46 silly install resolved     repository:
46 silly install resolved      { type: 'git',
46 silly install resolved        url: 'git://github.com/indexzero/http-server.git' },
46 silly install resolved     keywords: [ 'cli', 'command' ],
46 silly install resolved     scripts:
46 silly install resolved      { start: 'node ./bin/http-server',
46 silly install resolved        pretest: 'common bin/http-server lib/ test',
46 silly install resolved        test: 'vows --spec --isolate' },
46 silly install resolved     contributors:
46 silly install resolved      [ [Object],
46 silly install resolved        [Object],
46 silly install resolved        [Object],
46 silly install resolved        [Object],
46 silly install resolved        [Object],
46 silly install resolved        [Object],
46 silly install resolved        [Object],
46 silly install resolved        [Object],
46 silly install resolved        [Object],
46 silly install resolved        [Object] ],
46 silly install resolved     dependencies:
46 silly install resolved      { colors: '1.0.3',
46 silly install resolved        corser: '~2.0.0',
46 silly install resolved        ecstatic: '^1.4.0',
46 silly install resolved        'http-proxy': '^1.8.1',
46 silly install resolved        opener: '~1.4.0',
46 silly install resolved        optimist: '0.6.x',
46 silly install resolved        portfinder: '0.4.x',
46 silly install resolved        union: '~0.4.3' },
46 silly install resolved     devDependencies: { 'common-style': '^3.0.0', request: '2.49.x', vows: '0.7.x' },
46 silly install resolved     bugs: { url: 'https://github.com/nodeapps/http-server/issues' },
46 silly install resolved     license: 'MIT',
46 silly install resolved     preferGlobal: 'true',
46 silly install resolved     bin: { 'http-server': './bin/http-server', hs: './bin/http-server' },
46 silly install resolved     gitHead: '1a8552c5e028bd5500027ee940111133927a4e94',
46 silly install resolved     homepage: 'https://github.com/indexzero/http-server#readme',
46 silly install resolved     _id: 'http-server@0.9.0',
46 silly install resolved     _shasum: '8f1b06bdc733618d4dc42831c7ba1aff4e06001a',
46 silly install resolved     _from: 'http-server@*',
46 silly install resolved     _npmVersion: '3.7.1',
46 silly install resolved     _nodeVersion: '4.2.2',
46 silly install resolved     _npmUser: { name: 'indexzero', email: 'charlie.robbins@gmail.com' },
46 silly install resolved     maintainers: [ [Object] ],
46 silly install resolved     dist:
46 silly install resolved      { shasum: '8f1b06bdc733618d4dc42831c7ba1aff4e06001a',
46 silly install resolved        tarball: 'https://registry.npmjs.org/http-server/-/http-server-0.9.0.tgz' },
46 silly install resolved     _npmOperationalInternal:
46 silly install resolved      { host: 'packages-6-west.internal.npmjs.com',
46 silly install resolved        tmp: 'tmp/http-server-0.9.0.tgz_1455864708425_0.19514421350322664' },
46 silly install resolved     directories: {},
46 silly install resolved     _resolved: 'https://registry.npmjs.org/http-server/-/http-server-0.9.0.tgz' } ]
47 info install http-server@0.9.0 into /Volumes/wd/git/projecteuler/src/projecteuler_001_025
48 info installOne http-server@0.9.0
49 verbose installOne of http-server to /Volumes/wd/git/projecteuler/src/projecteuler_001_025 not in flight; installing
50 warn locking Error: EACCES, open '/Users/mubing/.npm/_locks/http-server-e5c060a575e2cfbb.lock'
50 warn locking     at Error (native)
50 warn locking  /Users/mubing/.npm/_locks/http-server-e5c060a575e2cfbb.lock failed { [Error: EACCES, open '/Users/mubing/.npm/_locks/http-server-e5c060a575e2cfbb.lock']
50 warn locking   errno: -13,
50 warn locking   code: 'EACCES',
50 warn locking   path: '/Users/mubing/.npm/_locks/http-server-e5c060a575e2cfbb.lock' }
51 verbose stack Error: Attempt to unlock /Volumes/wd/git/projecteuler/src/projecteuler_001_025/node_modules/http-server, which hasn't been locked
51 verbose stack     at unlock (/usr/local/lib/node_modules/npm/lib/utils/locker.js:66:11)
51 verbose stack     at cb (/usr/local/lib/node_modules/npm/lib/install.js:929:5)
51 verbose stack     at /usr/local/lib/node_modules/npm/lib/install.js:933:20
51 verbose stack     at /usr/local/lib/node_modules/npm/lib/utils/locker.js:40:9
51 verbose stack     at cb (/usr/local/lib/node_modules/npm/node_modules/lockfile/lockfile.js:149:38)
51 verbose stack     at /usr/local/lib/node_modules/npm/node_modules/lockfile/lockfile.js:177:38
51 verbose stack     at FSReqWrap.oncomplete (fs.js:99:15)
52 verbose cwd /Volumes/wd/git/projecteuler/src/projecteuler_001_025
53 error Darwin 14.5.0
54 error argv "node" "/usr/local/bin/npm" "install" "http-server"
55 error node v0.12.0
56 error npm  v2.5.1
57 error Attempt to unlock /Volumes/wd/git/projecteuler/src/projecteuler_001_025/node_modules/http-server, which hasn't been locked
58 error If you need help, you may report this error at:
58 error     <http://github.com/npm/npm/issues>
59 verbose exit [ 1, true ]
